# JRE version: Java(TM) SE Runtime Environment (8.0_101-b13) (build 1.8.0_101-b13)
# Java VM: Java HotSpot(TM) 64-Bit Server VM (25.101-b13 mixed mode linux-amd64 compressed oops)
Heap:
 PSYoungGen      total 624640K, used 14305K [0x00000000d6d00000, 0x0000000100000000, 0x0000000100000000)
  eden space 591872K, 0% used [0x00000000d6d00000,0x00000000d6d00000,0x00000000faf00000)
  from space 32768K, 43% used [0x00000000faf00000,0x00000000fbcf8400,0x00000000fcf00000)
  to   space 44544K, 0% used [0x00000000fd480000,0x00000000fd480000,0x0000000100000000)
 ParOldGen       total 121856K, used 121374K [0x0000000084600000, 0x000000008bd00000, 0x00000000d6d00000)
  object space 121856K, 99% used [0x0000000084600000,0x000000008bc87be8,0x000000008bd00000)
 Metaspace       used 62379K, capacity 62896K, committed 63232K, reserved 1103872K
  class space    used 7784K, capacity 7924K, committed 7936K, reserved 1048576K
GC Heap History (10 events):
Event: 118,268 GC heap after
Heap after GC invocations=14 (full 3):
 PSYoungGen      total 343552K, used 18615K [0x00000000d6d00000, 0x00000000f4480000, 0x0000000100000000)
  eden space 323072K, 0% used [0x00000000d6d00000,0x00000000d6d00000,0x00000000ea880000)
  from space 20480K, 90% used [0x00000000ea880000,0x00000000ebaadf40,0x00000000ebc80000)
  to   space 22528K, 0% used [0x00000000f2e80000,0x00000000f2e80000,0x00000000f4480000)
 ParOldGen       total 121856K, used 27856K [0x0000000084600000, 0x000000008bd00000, 0x00000000d6d00000)
  object space 121856K, 22% used [0x0000000084600000,0x0000000086134390,0x000000008bd00000)
 Metaspace       used 62384K, capacity 62920K, committed 63232K, reserved 1103872K
  class space    used 7786K, capacity 7932K, committed 7936K, reserved 1048576K
}
Event: 119,293 GC heap before
{Heap before GC invocations=15 (full 3):
 PSYoungGen      total 343552K, used 341687K [0x00000000d6d00000, 0x00000000f4480000, 0x0000000100000000)
  eden space 323072K, 100% used [0x00000000d6d00000,0x00000000ea880000,0x00000000ea880000)
  from space 20480K, 90% used [0x00000000ea880000,0x00000000ebaadf40,0x00000000ebc80000)
  to   space 22528K, 0% used [0x00000000f2e80000,0x00000000f2e80000,0x00000000f4480000)
 ParOldGen       total 121856K, used 27856K [0x0000000084600000, 0x000000008bd00000, 0x00000000d6d00000)
  object space 121856K, 22% used [0x0000000084600000,0x0000000086134390,0x000000008bd00000)
 Metaspace       used 62384K, capacity 62920K, committed 63232K, reserved 1103872K
  class space    used 7786K, capacity 7932K, committed 7936K, reserved 1048576K
Event: 119,406 GC heap after
Heap after GC invocations=15 (full 3):
 PSYoungGen      total 454144K, used 22528K [0x00000000d6d00000, 0x00000000f6180000, 0x0000000100000000)
  eden space 431616K, 0% used [0x00000000d6d00000,0x00000000d6d00000,0x00000000f1280000)
  from space 22528K, 100% used [0x00000000f2e80000,0x00000000f4480000,0x00000000f4480000)
  to   space 28672K, 0% used [0x00000000f1280000,0x00000000f1280000,0x00000000f2e80000)
 ParOldGen       total 121856K, used 36680K [0x0000000084600000, 0x000000008bd00000, 0x00000000d6d00000)
  object space 121856K, 30% used [0x0000000084600000,0x00000000869d2390,0x000000008bd00000)
 Metaspace       used 62384K, capacity 62920K, committed 63232K, reserved 1103872K
  class space    used 7786K, capacity 7932K, committed 7936K, reserved 1048576K
}
Event: 120,503 GC heap before
{Heap before GC invocations=16 (full 3):
 PSYoungGen      total 454144K, used 454144K [0x00000000d6d00000, 0x00000000f6180000, 0x0000000100000000)
  eden space 431616K, 100% used [0x00000000d6d00000,0x00000000f1280000,0x00000000f1280000)
  from space 22528K, 100% used [0x00000000f2e80000,0x00000000f4480000,0x00000000f4480000)
  to   space 28672K, 0% used [0x00000000f1280000,0x00000000f1280000,0x00000000f2e80000)
 ParOldGen       total 121856K, used 36680K [0x0000000084600000, 0x000000008bd00000, 0x00000000d6d00000)
  object space 121856K, 30% used [0x0000000084600000,0x00000000869d2390,0x000000008bd00000)
 Metaspace       used 62384K, capacity 62920K, committed 63232K, reserved 1103872K
  class space    used 7786K, capacity 7932K, committed 7936K, reserved 1048576K
Event: 120,584 GC heap after
Heap after GC invocations=16 (full 3):
 PSYoungGen      total 460288K, used 28640K [0x00000000d6d00000, 0x0000000100000000, 0x0000000100000000)
  eden space 431616K, 0% used [0x00000000d6d00000,0x00000000d6d00000,0x00000000f1280000)
  from space 28672K, 99% used [0x00000000f1280000,0x00000000f2e78020,0x00000000f2e80000)
  to   space 38912K, 0% used [0x00000000fda00000,0x00000000fda00000,0x0000000100000000)
 ParOldGen       total 121856K, used 53592K [0x0000000084600000, 0x000000008bd00000, 0x00000000d6d00000)
  object space 121856K, 43% used [0x0000000084600000,0x0000000087a56390,0x000000008bd00000)
 Metaspace       used 62384K, capacity 62920K, committed 63232K, reserved 1103872K
  class space    used 7786K, capacity 7932K, committed 7936K, reserved 1048576K
}
Event: 121,596 GC heap before
{Heap before GC invocations=17 (full 3):
 PSYoungGen      total 460288K, used 460256K [0x00000000d6d00000, 0x0000000100000000, 0x0000000100000000)
  eden space 431616K, 100% used [0x00000000d6d00000,0x00000000f1280000,0x00000000f1280000)
  from space 28672K, 99% used [0x00000000f1280000,0x00000000f2e78020,0x00000000f2e80000)
  to   space 38912K, 0% used [0x00000000fda00000,0x00000000fda00000,0x0000000100000000)
 ParOldGen       total 121856K, used 53592K [0x0000000084600000, 0x000000008bd00000, 0x00000000d6d00000)
  object space 121856K, 43% used [0x0000000084600000,0x0000000087a56390,0x000000008bd00000)
 Metaspace       used 62384K, capacity 62920K, committed 63232K, reserved 1103872K
  class space    used 7786K, capacity 7932K, committed 7936K, reserved 1048576K
Event: 121,654 GC heap after
Heap after GC invocations=17 (full 3):
 PSYoungGen      total 630784K, used 30560K [0x00000000d6d00000, 0x0000000100000000, 0x0000000100000000)
  eden space 591872K, 0% used [0x00000000d6d00000,0x00000000d6d00000,0x00000000faf00000)
  from space 38912K, 78% used [0x00000000fda00000,0x00000000ff7d8000,0x0000000100000000)
  to   space 41472K, 0% used [0x00000000faf00000,0x00000000faf00000,0x00000000fd780000)
 ParOldGen       total 121856K, used 75085K [0x0000000084600000, 0x000000008bd00000, 0x00000000d6d00000)
  object space 121856K, 61% used [0x0000000084600000,0x0000000088f53440,0x000000008bd00000)
 Metaspace       used 62384K, capacity 62920K, committed 63232K, reserved 1103872K
  class space    used 7786K, capacity 7932K, committed 7936K, reserved 1048576K
}
Event: 123,186 GC heap before
{Heap before GC invocations=18 (full 3):
 PSYoungGen      total 630784K, used 622432K [0x00000000d6d00000, 0x0000000100000000, 0x0000000100000000)
  eden space 591872K, 100% used [0x00000000d6d00000,0x00000000faf00000,0x00000000faf00000)
  from space 38912K, 78% used [0x00000000fda00000,0x00000000ff7d8000,0x0000000100000000)
  to   space 41472K, 0% used [0x00000000faf00000,0x00000000faf00000,0x00000000fd780000)
 ParOldGen       total 121856K, used 75085K [0x0000000084600000, 0x000000008bd00000, 0x00000000d6d00000)
  object space 121856K, 61% used [0x0000000084600000,0x0000000088f53440,0x000000008bd00000)
 Metaspace       used 62384K, capacity 62920K, committed 63232K, reserved 1103872K
  class space    used 7786K, capacity 7932K, committed 7936K, reserved 1048576K
Event: 124,587 GC heap after
Heap after GC invocations=18 (full 3):
 PSYoungGen      total 624640K, used 32320K [0x00000000d6d00000, 0x0000000100000000, 0x0000000100000000)
  eden space 591872K, 0% used [0x00000000d6d00000,0x00000000d6d00000,0x00000000faf00000)
  from space 32768K, 98% used [0x00000000faf00000,0x00000000fce90000,0x00000000fcf00000)
  to   space 44544K, 0% used [0x00000000fd480000,0x00000000fd480000,0x0000000100000000)
 ParOldGen       total 121856K, used 105581K [0x0000000084600000, 0x000000008bd00000, 0x00000000d6d00000)
  object space 121856K, 86% used [0x0000000084600000,0x000000008ad1b440,0x000000008bd00000)
 Metaspace       used 62384K, capacity 62920K, committed 63232K, reserved 1103872K
  class space    used 7786K, capacity 7932K, committed 7936K, reserved 1048576K
}
Event: 129,821 GC heap before
{Heap before GC invocations=19 (full 4):
 PSYoungGen      total 624640K, used 32320K [0x00000000d6d00000, 0x0000000100000000, 0x0000000100000000)
  eden space 591872K, 0% used [0x00000000d6d00000,0x00000000d6d00000,0x00000000faf00000)
  from space 32768K, 98% used [0x00000000faf00000,0x00000000fce90000,0x00000000fcf00000)
  to   space 44544K, 0% used [0x00000000fd480000,0x00000000fd480000,0x0000000100000000)
 ParOldGen       total 121856K, used 105581K [0x0000000084600000, 0x000000008bd00000, 0x00000000d6d00000)
  object space 121856K, 86% used [0x0000000084600000,0x000000008ad1b440,0x000000008bd00000)
 Metaspace       used 62384K, capacity 62920K, committed 63232K, reserved 1103872K
  class space    used 7786K, capacity 7932K, committed 7936K, reserved 1048576K

