# JRE version: Java(TM) SE Runtime Environment (8.0_101-b13) (build 1.8.0_101-b13)
# Java VM: Java HotSpot(TM) 64-Bit Server VM (25.101-b13 mixed mode linux-amd64 compressed oops)
Heap:
 PSYoungGen      total 638976K, used 5114K [0x00000000d6d00000, 0x0000000100000000, 0x0000000100000000)
  eden space 603136K, 0% used [0x00000000d6d00000,0x00000000d6d00000,0x00000000fba00000)
  from space 35840K, 14% used [0x00000000fba00000,0x00000000fbefe8a0,0x00000000fdd00000)
  to   space 35840K, 0% used [0x00000000fdd00000,0x00000000fdd00000,0x0000000100000000)
 ParOldGen       total 391168K, used 390685K [0x0000000084600000, 0x000000009c400000, 0x00000000d6d00000)
  object space 391168K, 99% used [0x0000000084600000,0x000000009c387678,0x000000009c400000)
 Metaspace       used 62397K, capacity 62960K, committed 63232K, reserved 1103872K
  class space    used 7785K, capacity 7924K, committed 7936K, reserved 1048576K
GC Heap History (10 events):
Event: 612,133 GC heap after
Heap after GC invocations=40 (full 5):
 PSYoungGen      total 644096K, used 30720K [0x00000000d6d00000, 0x0000000100000000, 0x0000000100000000)
  eden space 613376K, 0% used [0x00000000d6d00000,0x00000000d6d00000,0x00000000fc400000)
  from space 30720K, 100% used [0x00000000fc400000,0x00000000fe200000,0x00000000fe200000)
  to   space 30720K, 0% used [0x00000000fe200000,0x00000000fe200000,0x0000000100000000)
 ParOldGen       total 391168K, used 304431K [0x0000000084600000, 0x000000009c400000, 0x00000000d6d00000)
  object space 391168K, 77% used [0x0000000084600000,0x0000000096f4bc70,0x000000009c400000)
 Metaspace       used 62397K, capacity 62960K, committed 63232K, reserved 1103872K
  class space    used 7785K, capacity 7924K, committed 7936K, reserved 1048576K
}
Event: 612,715 GC heap before
{Heap before GC invocations=41 (full 5):
 PSYoungGen      total 644096K, used 644096K [0x00000000d6d00000, 0x0000000100000000, 0x0000000100000000)
  eden space 613376K, 100% used [0x00000000d6d00000,0x00000000fc400000,0x00000000fc400000)
  from space 30720K, 100% used [0x00000000fc400000,0x00000000fe200000,0x00000000fe200000)
  to   space 30720K, 0% used [0x00000000fe200000,0x00000000fe200000,0x0000000100000000)
 ParOldGen       total 391168K, used 304431K [0x0000000084600000, 0x000000009c400000, 0x00000000d6d00000)
  object space 391168K, 77% used [0x0000000084600000,0x0000000096f4bc70,0x000000009c400000)
 Metaspace       used 62397K, capacity 62960K, committed 63232K, reserved 1103872K
  class space    used 7785K, capacity 7924K, committed 7936K, reserved 1048576K
Event: 612,758 GC heap after
Heap after GC invocations=41 (full 5):
 PSYoungGen      total 638976K, used 15680K [0x00000000d6d00000, 0x0000000100000000, 0x0000000100000000)
  eden space 608256K, 0% used [0x00000000d6d00000,0x00000000d6d00000,0x00000000fbf00000)
  from space 30720K, 51% used [0x00000000fe200000,0x00000000ff150000,0x0000000100000000)
  to   space 33280K, 0% used [0x00000000fbf00000,0x00000000fbf00000,0x00000000fdf80000)
 ParOldGen       total 391168K, used 335247K [0x0000000084600000, 0x000000009c400000, 0x00000000d6d00000)
  object space 391168K, 85% used [0x0000000084600000,0x0000000098d63c70,0x000000009c400000)
 Metaspace       used 62397K, capacity 62960K, committed 63232K, reserved 1103872K
  class space    used 7785K, capacity 7924K, committed 7936K, reserved 1048576K
}
Event: 613,372 GC heap before
{Heap before GC invocations=42 (full 5):
 PSYoungGen      total 638976K, used 623936K [0x00000000d6d00000, 0x0000000100000000, 0x0000000100000000)
  eden space 608256K, 100% used [0x00000000d6d00000,0x00000000fbf00000,0x00000000fbf00000)
  from space 30720K, 51% used [0x00000000fe200000,0x00000000ff150000,0x0000000100000000)
  to   space 33280K, 0% used [0x00000000fbf00000,0x00000000fbf00000,0x00000000fdf80000)
 ParOldGen       total 391168K, used 335247K [0x0000000084600000, 0x000000009c400000, 0x00000000d6d00000)
  object space 391168K, 85% used [0x0000000084600000,0x0000000098d63c70,0x000000009c400000)
 Metaspace       used 62397K, capacity 62960K, committed 63232K, reserved 1103872K
  class space    used 7785K, capacity 7924K, committed 7936K, reserved 1048576K
Event: 613,403 GC heap after
Heap after GC invocations=42 (full 5):
 PSYoungGen      total 641536K, used 15520K [0x00000000d6d00000, 0x0000000100000000, 0x0000000100000000)
  eden space 608256K, 0% used [0x00000000d6d00000,0x00000000d6d00000,0x00000000fbf00000)
  from space 33280K, 46% used [0x00000000fbf00000,0x00000000fce28000,0x00000000fdf80000)
  to   space 32256K, 0% used [0x00000000fe080000,0x00000000fe080000,0x0000000100000000)
 ParOldGen       total 391168K, used 350847K [0x0000000084600000, 0x000000009c400000, 0x00000000d6d00000)
  object space 391168K, 89% used [0x0000000084600000,0x0000000099c9fc70,0x000000009c400000)
 Metaspace       used 62397K, capacity 62960K, committed 63232K, reserved 1103872K
  class space    used 7785K, capacity 7924K, committed 7936K, reserved 1048576K
}
Event: 614,028 GC heap before
{Heap before GC invocations=43 (full 5):
 PSYoungGen      total 641536K, used 623776K [0x00000000d6d00000, 0x0000000100000000, 0x0000000100000000)
  eden space 608256K, 100% used [0x00000000d6d00000,0x00000000fbf00000,0x00000000fbf00000)
  from space 33280K, 46% used [0x00000000fbf00000,0x00000000fce28000,0x00000000fdf80000)
  to   space 32256K, 0% used [0x00000000fe080000,0x00000000fe080000,0x0000000100000000)
 ParOldGen       total 391168K, used 350847K [0x0000000084600000, 0x000000009c400000, 0x00000000d6d00000)
  object space 391168K, 89% used [0x0000000084600000,0x0000000099c9fc70,0x000000009c400000)
 Metaspace       used 62397K, capacity 62960K, committed 63232K, reserved 1103872K
  class space    used 7785K, capacity 7924K, committed 7936K, reserved 1048576K
Event: 614,059 GC heap after
Heap after GC invocations=43 (full 5):
 PSYoungGen      total 635392K, used 30880K [0x00000000d6d00000, 0x0000000100000000, 0x0000000100000000)
  eden space 603136K, 0% used [0x00000000d6d00000,0x00000000d6d00000,0x00000000fba00000)
  from space 32256K, 95% used [0x00000000fe080000,0x00000000ffea8000,0x0000000100000000)
  to   space 35840K, 0% used [0x00000000fba00000,0x00000000fba00000,0x00000000fdd00000)
 ParOldGen       total 391168K, used 350847K [0x0000000084600000, 0x000000009c400000, 0x00000000d6d00000)
  object space 391168K, 89% used [0x0000000084600000,0x0000000099c9fc70,0x000000009c400000)
 Metaspace       used 62397K, capacity 62960K, committed 63232K, reserved 1103872K
  class space    used 7785K, capacity 7924K, committed 7936K, reserved 1048576K
}
Event: 614,623 GC heap before
{Heap before GC invocations=44 (full 5):
 PSYoungGen      total 635392K, used 634016K [0x00000000d6d00000, 0x0000000100000000, 0x0000000100000000)
  eden space 603136K, 100% used [0x00000000d6d00000,0x00000000fba00000,0x00000000fba00000)
  from space 32256K, 95% used [0x00000000fe080000,0x00000000ffea8000,0x0000000100000000)
  to   space 35840K, 0% used [0x00000000fba00000,0x00000000fba00000,0x00000000fdd00000)
 ParOldGen       total 391168K, used 350847K [0x0000000084600000, 0x000000009c400000, 0x00000000d6d00000)
  object space 391168K, 89% used [0x0000000084600000,0x0000000099c9fc70,0x000000009c400000)
 Metaspace       used 62397K, capacity 62960K, committed 63232K, reserved 1103872K
  class space    used 7785K, capacity 7924K, committed 7936K, reserved 1048576K
Event: 614,665 GC heap after
Heap after GC invocations=44 (full 5):
 PSYoungGen      total 638976K, used 35840K [0x00000000d6d00000, 0x0000000100000000, 0x0000000100000000)
  eden space 603136K, 0% used [0x00000000d6d00000,0x00000000d6d00000,0x00000000fba00000)
  from space 35840K, 100% used [0x00000000fba00000,0x00000000fdd00000,0x00000000fdd00000)
  to   space 35840K, 0% used [0x00000000fdd00000,0x00000000fdd00000,0x0000000100000000)
 ParOldGen       total 391168K, used 360967K [0x0000000084600000, 0x000000009c400000, 0x00000000d6d00000)
  object space 391168K, 92% used [0x0000000084600000,0x000000009a681c70,0x000000009c400000)
 Metaspace       used 62397K, capacity 62960K, committed 63232K, reserved 1103872K
  class space    used 7785K, capacity 7924K, committed 7936K, reserved 1048576K
}
Event: 614,666 GC heap before
{Heap before GC invocations=45 (full 6):
 PSYoungGen      total 638976K, used 35840K [0x00000000d6d00000, 0x0000000100000000, 0x0000000100000000)
  eden space 603136K, 0% used [0x00000000d6d00000,0x00000000d6d00000,0x00000000fba00000)
  from space 35840K, 100% used [0x00000000fba00000,0x00000000fdd00000,0x00000000fdd00000)
  to   space 35840K, 0% used [0x00000000fdd00000,0x00000000fdd00000,0x0000000100000000)
 ParOldGen       total 391168K, used 360967K [0x0000000084600000, 0x000000009c400000, 0x00000000d6d00000)
  object space 391168K, 92% used [0x0000000084600000,0x000000009a681c70,0x000000009c400000)
 Metaspace       used 62397K, capacity 62960K, committed 63232K, reserved 1103872K
  class space    used 7785K, capacity 7924K, committed 7936K, reserved 1048576K

