# JRE version: Java(TM) SE Runtime Environment (8.0_101-b13) (build 1.8.0_101-b13)
# Java VM: Java HotSpot(TM) 64-Bit Server VM (25.101-b13 mixed mode linux-amd64 compressed oops)
Heap:
 PSYoungGen      total 495616K, used 188642K [0x00000000d6d00000, 0x00000000f8700000, 0x0000000100000000)
  eden space 475136K, 35% used [0x00000000d6d00000,0x00000000e113c018,0x00000000f3d00000)
  from space 20480K, 99% used [0x00000000f5980000,0x00000000f6d7c950,0x00000000f6d80000)
  to   space 29184K, 0% used [0x00000000f3d00000,0x00000000f3d00000,0x00000000f5980000)
 ParOldGen       total 124416K, used 48478K [0x0000000084600000, 0x000000008bf80000, 0x00000000d6d00000)
  object space 124416K, 38% used [0x0000000084600000,0x0000000087557ad0,0x000000008bf80000)
 Metaspace       used 74259K, capacity 75746K, committed 75864K, reserved 1116160K
  class space    used 9107K, capacity 9506K, committed 9600K, reserved 1048576K
GC Heap History (10 events):
Event: 7,605 GC heap before
{Heap before GC invocations=11 (full 2):
 PSYoungGen      total 303616K, used 288768K [0x00000000d6d00000, 0x00000000eb980000, 0x0000000100000000)
  eden space 288768K, 100% used [0x00000000d6d00000,0x00000000e8700000,0x00000000e8700000)
  from space 14848K, 0% used [0x00000000e9580000,0x00000000e9580000,0x00000000ea400000)
  to   space 14848K, 0% used [0x00000000e8700000,0x00000000e8700000,0x00000000e9580000)
 ParOldGen       total 87040K, used 18984K [0x0000000084600000, 0x0000000089b00000, 0x00000000d6d00000)
  object space 87040K, 21% used [0x0000000084600000,0x000000008588a228,0x0000000089b00000)
 Metaspace       used 44159K, capacity 44650K, committed 44928K, reserved 1089536K
  class space    used 5306K, capacity 5432K, committed 5504K, reserved 1048576K
Event: 7,619 GC heap after
Heap after GC invocations=11 (full 2):
 PSYoungGen      total 303616K, used 11967K [0x00000000d6d00000, 0x00000000f0780000, 0x0000000100000000)
  eden space 288768K, 0% used [0x00000000d6d00000,0x00000000d6d00000,0x00000000e8700000)
  from space 14848K, 80% used [0x00000000e8700000,0x00000000e92afd08,0x00000000e9580000)
  to   space 15360K, 0% used [0x00000000ef880000,0x00000000ef880000,0x00000000f0780000)
 ParOldGen       total 87040K, used 18992K [0x0000000084600000, 0x0000000089b00000, 0x00000000d6d00000)
  object space 87040K, 21% used [0x0000000084600000,0x000000008588c228,0x0000000089b00000)
 Metaspace       used 44159K, capacity 44650K, committed 44928K, reserved 1089536K
  class space    used 5306K, capacity 5432K, committed 5504K, reserved 1048576K
}
Event: 17,192 GC heap before
{Heap before GC invocations=12 (full 2):
 PSYoungGen      total 303616K, used 300735K [0x00000000d6d00000, 0x00000000f0780000, 0x0000000100000000)
  eden space 288768K, 100% used [0x00000000d6d00000,0x00000000e8700000,0x00000000e8700000)
  from space 14848K, 80% used [0x00000000e8700000,0x00000000e92afd08,0x00000000e9580000)
  to   space 15360K, 0% used [0x00000000ef880000,0x00000000ef880000,0x00000000f0780000)
 ParOldGen       total 87040K, used 18992K [0x0000000084600000, 0x0000000089b00000, 0x00000000d6d00000)
  object space 87040K, 21% used [0x0000000084600000,0x000000008588c228,0x0000000089b00000)
 Metaspace       used 55897K, capacity 56642K, committed 56832K, reserved 1099776K
  class space    used 6859K, capacity 7049K, committed 7168K, reserved 1048576K
Event: 17,232 GC heap after
Heap after GC invocations=12 (full 2):
 PSYoungGen      total 394240K, used 15357K [0x00000000d6d00000, 0x00000000f0780000, 0x0000000100000000)
  eden space 378880K, 0% used [0x00000000d6d00000,0x00000000d6d00000,0x00000000edf00000)
  from space 15360K, 99% used [0x00000000ef880000,0x00000000f077f5c0,0x00000000f0780000)
  to   space 20480K, 0% used [0x00000000edf80000,0x00000000edf80000,0x00000000ef380000)
 ParOldGen       total 87040K, used 28784K [0x0000000084600000, 0x0000000089b00000, 0x00000000d6d00000)
  object space 87040K, 33% used [0x0000000084600000,0x000000008621c2e8,0x0000000089b00000)
 Metaspace       used 55897K, capacity 56642K, committed 56832K, reserved 1099776K
  class space    used 6859K, capacity 7049K, committed 7168K, reserved 1048576K
}
Event: 25,191 GC heap before
{Heap before GC invocations=13 (full 2):
 PSYoungGen      total 394240K, used 174406K [0x00000000d6d00000, 0x00000000f0780000, 0x0000000100000000)
  eden space 378880K, 41% used [0x00000000d6d00000,0x00000000e08524a0,0x00000000edf00000)
  from space 15360K, 99% used [0x00000000ef880000,0x00000000f077f5c0,0x00000000f0780000)
  to   space 20480K, 0% used [0x00000000edf80000,0x00000000edf80000,0x00000000ef380000)
 ParOldGen       total 87040K, used 28784K [0x0000000084600000, 0x0000000089b00000, 0x00000000d6d00000)
  object space 87040K, 33% used [0x0000000084600000,0x000000008621c2e8,0x0000000089b00000)
 Metaspace       used 58221K, capacity 58962K, committed 59096K, reserved 1101824K
  class space    used 7167K, capacity 7345K, committed 7424K, reserved 1048576K
Event: 25,227 GC heap after
Heap after GC invocations=13 (full 2):
 PSYoungGen      total 399872K, used 5482K [0x00000000d6d00000, 0x00000000f6d80000, 0x0000000100000000)
  eden space 379392K, 0% used [0x00000000d6d00000,0x00000000d6d00000,0x00000000edf80000)
  from space 20480K, 26% used [0x00000000edf80000,0x00000000ee4da9e8,0x00000000ef380000)
  to   space 20480K, 0% used [0x00000000f5980000,0x00000000f5980000,0x00000000f6d80000)
 ParOldGen       total 87040K, used 42202K [0x0000000084600000, 0x0000000089b00000, 0x00000000d6d00000)
  object space 87040K, 48% used [0x0000000084600000,0x0000000086f36828,0x0000000089b00000)
 Metaspace       used 58221K, capacity 58962K, committed 59096K, reserved 1101824K
  class space    used 7167K, capacity 7345K, committed 7424K, reserved 1048576K
}
Event: 25,227 GC heap before
{Heap before GC invocations=14 (full 3):
 PSYoungGen      total 399872K, used 5482K [0x00000000d6d00000, 0x00000000f6d80000, 0x0000000100000000)
  eden space 379392K, 0% used [0x00000000d6d00000,0x00000000d6d00000,0x00000000edf80000)
  from space 20480K, 26% used [0x00000000edf80000,0x00000000ee4da9e8,0x00000000ef380000)
  to   space 20480K, 0% used [0x00000000f5980000,0x00000000f5980000,0x00000000f6d80000)
 ParOldGen       total 87040K, used 42202K [0x0000000084600000, 0x0000000089b00000, 0x00000000d6d00000)
  object space 87040K, 48% used [0x0000000084600000,0x0000000086f36828,0x0000000089b00000)
 Metaspace       used 58221K, capacity 58962K, committed 59096K, reserved 1101824K
  class space    used 7167K, capacity 7345K, committed 7424K, reserved 1048576K
Event: 25,388 GC heap after
Heap after GC invocations=14 (full 3):
 PSYoungGen      total 399872K, used 0K [0x00000000d6d00000, 0x00000000f6d80000, 0x0000000100000000)
  eden space 379392K, 0% used [0x00000000d6d00000,0x00000000d6d00000,0x00000000edf80000)
  from space 20480K, 0% used [0x00000000edf80000,0x00000000edf80000,0x00000000ef380000)
  to   space 20480K, 0% used [0x00000000f5980000,0x00000000f5980000,0x00000000f6d80000)
 ParOldGen       total 124416K, used 32615K [0x0000000084600000, 0x000000008bf80000, 0x00000000d6d00000)
  object space 124416K, 26% used [0x0000000084600000,0x00000000865d9f58,0x000000008bf80000)
 Metaspace       used 58221K, capacity 58962K, committed 59096K, reserved 1101824K
  class space    used 7167K, capacity 7345K, committed 7424K, reserved 1048576K
}
Event: 30,342 GC heap before
{Heap before GC invocations=15 (full 3):
 PSYoungGen      total 399872K, used 379392K [0x00000000d6d00000, 0x00000000f6d80000, 0x0000000100000000)
  eden space 379392K, 100% used [0x00000000d6d00000,0x00000000edf80000,0x00000000edf80000)
  from space 20480K, 0% used [0x00000000edf80000,0x00000000edf80000,0x00000000ef380000)
  to   space 20480K, 0% used [0x00000000f5980000,0x00000000f5980000,0x00000000f6d80000)
 ParOldGen       total 124416K, used 32615K [0x0000000084600000, 0x000000008bf80000, 0x00000000d6d00000)
  object space 124416K, 26% used [0x0000000084600000,0x00000000865d9f58,0x000000008bf80000)
 Metaspace       used 71957K, capacity 73110K, committed 73432K, reserved 1114112K
  class space    used 8797K, capacity 9089K, committed 9216K, reserved 1048576K
Event: 30,405 GC heap after
Heap after GC invocations=15 (full 3):
 PSYoungGen      total 495616K, used 20466K [0x00000000d6d00000, 0x00000000f8700000, 0x0000000100000000)
  eden space 475136K, 0% used [0x00000000d6d00000,0x00000000d6d00000,0x00000000f3d00000)
  from space 20480K, 99% used [0x00000000f5980000,0x00000000f6d7c950,0x00000000f6d80000)
  to   space 29184K, 0% used [0x00000000f3d00000,0x00000000f3d00000,0x00000000f5980000)
 ParOldGen       total 124416K, used 48478K [0x0000000084600000, 0x000000008bf80000, 0x00000000d6d00000)
  object space 124416K, 38% used [0x0000000084600000,0x0000000087557ad0,0x000000008bf80000)
 Metaspace       used 71957K, capacity 73110K, committed 73432K, reserved 1114112K
  class space    used 8797K, capacity 9089K, committed 9216K, reserved 1048576K
}

