# JRE version: Java(TM) SE Runtime Environment (8.0_101-b13) (build 1.8.0_101-b13)
# Java VM: Java HotSpot(TM) 64-Bit Server VM (25.101-b13 mixed mode linux-amd64 compressed oops)
Heap:
 PSYoungGen      total 658944K, used 5183K [0x00000000d6d00000, 0x00000000fff80000, 0x0000000100000000)
  eden space 644096K, 0% used [0x00000000d6d00000,0x00000000d6d00000,0x00000000fe200000)
  from space 14848K, 34% used [0x00000000fe200000,0x00000000fe70fc30,0x00000000ff080000)
  to   space 14336K, 0% used [0x00000000ff180000,0x00000000ff180000,0x00000000fff80000)
 ParOldGen       total 403456K, used 402989K [0x0000000084600000, 0x000000009d000000, 0x00000000d6d00000)
  object space 403456K, 99% used [0x0000000084600000,0x000000009cf8b768,0x000000009d000000)
 Metaspace       used 64576K, capacity 65174K, committed 65664K, reserved 1105920K
  class space    used 8064K, capacity 8226K, committed 8320K, reserved 1048576K
GC Heap History (10 events):
Event: 54,778 GC heap after
Heap after GC invocations=54 (full 5):
 PSYoungGen      total 657920K, used 10848K [0x00000000d6d00000, 0x00000000fff00000, 0x0000000100000000)
  eden space 641536K, 0% used [0x00000000d6d00000,0x00000000d6d00000,0x00000000fdf80000)
  from space 16384K, 66% used [0x00000000fdf80000,0x00000000fea18000,0x00000000fef80000)
  to   space 15872K, 0% used [0x00000000fef80000,0x00000000fef80000,0x00000000fff00000)
 ParOldGen       total 403456K, used 355535K [0x0000000084600000, 0x000000009d000000, 0x00000000d6d00000)
  object space 403456K, 88% used [0x0000000084600000,0x000000009a133d08,0x000000009d000000)
 Metaspace       used 64575K, capacity 65174K, committed 65664K, reserved 1105920K
  class space    used 8064K, capacity 8226K, committed 8320K, reserved 1048576K
}
Event: 55,555 GC heap before
{Heap before GC invocations=55 (full 5):
 PSYoungGen      total 657920K, used 652384K [0x00000000d6d00000, 0x00000000fff00000, 0x0000000100000000)
  eden space 641536K, 100% used [0x00000000d6d00000,0x00000000fdf80000,0x00000000fdf80000)
  from space 16384K, 66% used [0x00000000fdf80000,0x00000000fea18000,0x00000000fef80000)
  to   space 15872K, 0% used [0x00000000fef80000,0x00000000fef80000,0x00000000fff00000)
 ParOldGen       total 403456K, used 355535K [0x0000000084600000, 0x000000009d000000, 0x00000000d6d00000)
  object space 403456K, 88% used [0x0000000084600000,0x000000009a133d08,0x000000009d000000)
 Metaspace       used 64575K, capacity 65174K, committed 65664K, reserved 1105920K
  class space    used 8064K, capacity 8226K, committed 8320K, reserved 1048576K
Event: 55,941 GC heap after
Heap after GC invocations=55 (full 5):
 PSYoungGen      total 657920K, used 10848K [0x00000000d6d00000, 0x00000000ffe80000, 0x0000000100000000)
  eden space 642560K, 0% used [0x00000000d6d00000,0x00000000d6d00000,0x00000000fe080000)
  from space 15360K, 70% used [0x00000000fef80000,0x00000000ffa18000,0x00000000ffe80000)
  to   space 15360K, 0% used [0x00000000fe080000,0x00000000fe080000,0x00000000fef80000)
 ParOldGen       total 403456K, used 366247K [0x0000000084600000, 0x000000009d000000, 0x00000000d6d00000)
  object space 403456K, 90% used [0x0000000084600000,0x000000009aba9d08,0x000000009d000000)
 Metaspace       used 64575K, capacity 65174K, committed 65664K, reserved 1105920K
  class space    used 8064K, capacity 8226K, committed 8320K, reserved 1048576K
}
Event: 57,189 GC heap before
{Heap before GC invocations=56 (full 5):
 PSYoungGen      total 657920K, used 653408K [0x00000000d6d00000, 0x00000000ffe80000, 0x0000000100000000)
  eden space 642560K, 100% used [0x00000000d6d00000,0x00000000fe080000,0x00000000fe080000)
  from space 15360K, 70% used [0x00000000fef80000,0x00000000ffa18000,0x00000000ffe80000)
  to   space 15360K, 0% used [0x00000000fe080000,0x00000000fe080000,0x00000000fef80000)
 ParOldGen       total 403456K, used 366247K [0x0000000084600000, 0x000000009d000000, 0x00000000d6d00000)
  object space 403456K, 90% used [0x0000000084600000,0x000000009aba9d08,0x000000009d000000)
 Metaspace       used 64575K, capacity 65174K, committed 65664K, reserved 1105920K
  class space    used 8064K, capacity 8226K, committed 8320K, reserved 1048576K
Event: 58,044 GC heap after
Heap after GC invocations=56 (full 5):
 PSYoungGen      total 657920K, used 10848K [0x00000000d6d00000, 0x0000000100000000, 0x0000000100000000)
  eden space 642560K, 0% used [0x00000000d6d00000,0x00000000d6d00000,0x00000000fe080000)
  from space 15360K, 70% used [0x00000000fe080000,0x00000000feb18000,0x00000000fef80000)
  to   space 15360K, 0% used [0x00000000ff100000,0x00000000ff100000,0x0000000100000000)
 ParOldGen       total 403456K, used 377015K [0x0000000084600000, 0x000000009d000000, 0x00000000d6d00000)
  object space 403456K, 93% used [0x0000000084600000,0x000000009b62dd08,0x000000009d000000)
 Metaspace       used 64575K, capacity 65174K, committed 65664K, reserved 1105920K
  class space    used 8064K, capacity 8226K, committed 8320K, reserved 1048576K
}
Event: 59,029 GC heap before
{Heap before GC invocations=57 (full 5):
 PSYoungGen      total 657920K, used 653408K [0x00000000d6d00000, 0x0000000100000000, 0x0000000100000000)
  eden space 642560K, 100% used [0x00000000d6d00000,0x00000000fe080000,0x00000000fe080000)
  from space 15360K, 70% used [0x00000000fe080000,0x00000000feb18000,0x00000000fef80000)
  to   space 15360K, 0% used [0x00000000ff100000,0x00000000ff100000,0x0000000100000000)
 ParOldGen       total 403456K, used 377015K [0x0000000084600000, 0x000000009d000000, 0x00000000d6d00000)
  object space 403456K, 93% used [0x0000000084600000,0x000000009b62dd08,0x000000009d000000)
 Metaspace       used 64576K, capacity 65174K, committed 65664K, reserved 1105920K
  class space    used 8064K, capacity 8226K, committed 8320K, reserved 1048576K
Event: 59,088 GC heap after
Heap after GC invocations=57 (full 5):
 PSYoungGen      total 658432K, used 10912K [0x00000000d6d00000, 0x00000000fff00000, 0x0000000100000000)
  eden space 644096K, 0% used [0x00000000d6d00000,0x00000000d6d00000,0x00000000fe200000)
  from space 14336K, 76% used [0x00000000ff100000,0x00000000ffba8000,0x00000000fff00000)
  to   space 14848K, 0% used [0x00000000fe200000,0x00000000fe200000,0x00000000ff080000)
 ParOldGen       total 403456K, used 387751K [0x0000000084600000, 0x000000009d000000, 0x00000000d6d00000)
  object space 403456K, 96% used [0x0000000084600000,0x000000009c0a9d08,0x000000009d000000)
 Metaspace       used 64576K, capacity 65174K, committed 65664K, reserved 1105920K
  class space    used 8064K, capacity 8226K, committed 8320K, reserved 1048576K
}
Event: 60,220 GC heap before
{Heap before GC invocations=58 (full 5):
 PSYoungGen      total 658432K, used 655008K [0x00000000d6d00000, 0x00000000fff00000, 0x0000000100000000)
  eden space 644096K, 100% used [0x00000000d6d00000,0x00000000fe200000,0x00000000fe200000)
  from space 14336K, 76% used [0x00000000ff100000,0x00000000ffba8000,0x00000000fff00000)
  to   space 14848K, 0% used [0x00000000fe200000,0x00000000fe200000,0x00000000ff080000)
 ParOldGen       total 403456K, used 387751K [0x0000000084600000, 0x000000009d000000, 0x00000000d6d00000)
  object space 403456K, 96% used [0x0000000084600000,0x000000009c0a9d08,0x000000009d000000)
 Metaspace       used 64576K, capacity 65174K, committed 65664K, reserved 1105920K
  class space    used 8064K, capacity 8226K, committed 8320K, reserved 1048576K
Event: 60,258 GC heap after
Heap after GC invocations=58 (full 5):
 PSYoungGen      total 658944K, used 10944K [0x00000000d6d00000, 0x00000000fff80000, 0x0000000100000000)
  eden space 644096K, 0% used [0x00000000d6d00000,0x00000000d6d00000,0x00000000fe200000)
  from space 14848K, 73% used [0x00000000fe200000,0x00000000fecb0000,0x00000000ff080000)
  to   space 14336K, 0% used [0x00000000ff180000,0x00000000ff180000,0x00000000fff80000)
 ParOldGen       total 403456K, used 398567K [0x0000000084600000, 0x000000009d000000, 0x00000000d6d00000)
  object space 403456K, 98% used [0x0000000084600000,0x000000009cb39d08,0x000000009d000000)
 Metaspace       used 64576K, capacity 65174K, committed 65664K, reserved 1105920K
  class space    used 8064K, capacity 8226K, committed 8320K, reserved 1048576K
}
Event: 60,258 GC heap before
{Heap before GC invocations=59 (full 6):
 PSYoungGen      total 658944K, used 10944K [0x00000000d6d00000, 0x00000000fff80000, 0x0000000100000000)
  eden space 644096K, 0% used [0x00000000d6d00000,0x00000000d6d00000,0x00000000fe200000)
  from space 14848K, 73% used [0x00000000fe200000,0x00000000fecb0000,0x00000000ff080000)
  to   space 14336K, 0% used [0x00000000ff180000,0x00000000ff180000,0x00000000fff80000)
 ParOldGen       total 403456K, used 398567K [0x0000000084600000, 0x000000009d000000, 0x00000000d6d00000)
  object space 403456K, 98% used [0x0000000084600000,0x000000009cb39d08,0x000000009d000000)
 Metaspace       used 64576K, capacity 65174K, committed 65664K, reserved 1105920K
  class space    used 8064K, capacity 8226K, committed 8320K, reserved 1048576K

